# JRE version: OpenJDK Runtime Environment (22.0.2+9) (build 22.0.2+9-70)
# Java VM: OpenJDK 64-Bit Server VM (22.0.2+9-70, mixed mode, sharing, tiered, compressed oops, compressed class ptrs, g1 gc, windows-amd64)
GC Precious Log:
 CardTable entry size: 512
 Card Set container configuration: InlinePtr #cards 5 size 8 Array Of Cards #cards 12 size 40 Howl #buckets 4 coarsen threshold 1843 Howl Bitmap #cards 512 size 80 coarsen threshold 460 Card regions per heap region 1 cards per card region 2048
 CPUs: 4 total, 4 available
 Memory: 8088M
 Large Page Support: Disabled
 NUMA Support: Disabled
 Compressed Oops: Enabled (32-bit)
 Heap Region Size: 1M
 Heap Min Capacity: 8M
 Heap Initial Capacity: 128M
 Heap Max Capacity: 2024M
 Pre-touch: Disabled
 Parallel Workers: 4
 Concurrent Workers: 1
 Concurrent Refinement Workers: 4
 Periodic GC: Disabled
Heap:
 garbage-first heap   total reserved 2072576K, committed 66560K, used 42561K [0x0000000081800000, 0x0000000100000000)
  region size 1024K, 19 young (19456K), 1 survivors (1024K)
 Metaspace       used 62749K, committed 63424K, reserved 1114112K
  class space    used 8408K, committed 8704K, reserved 1048576K
GC Heap History (20 events):
Event: 3.429 GC heap before
{Heap before GC invocations=2 (full 0):
 garbage-first heap   total reserved 2072576K, committed 131072K, used 38763K [0x0000000081800000, 0x0000000100000000)
  region size 1024K, 32 young (32768K), 2 survivors (2048K)
 Metaspace       used 12437K, committed 12736K, reserved 1114112K
  class space    used 1476K, committed 1600K, reserved 1048576K
}
Event: 3.437 GC heap after
{Heap after GC invocations=3 (full 0):
 garbage-first heap   total reserved 2072576K, committed 131072K, used 11260K [0x0000000081800000, 0x0000000100000000)
  region size 1024K, 4 young (4096K), 4 survivors (4096K)
 Metaspace       used 12437K, committed 12736K, reserved 1114112K
  class space    used 1476K, committed 1600K, reserved 1048576K
}
Event: 5.556 GC heap before
{Heap before GC invocations=3 (full 0):
 garbage-first heap   total reserved 2072576K, committed 131072K, used 60412K [0x0000000081800000, 0x0000000100000000)
  region size 1024K, 54 young (55296K), 4 survivors (4096K)
 Metaspace       used 21200K, committed 21504K, reserved 1114112K
  class space    used 2564K, committed 2752K, reserved 1048576K
}
Event: 5.571 GC heap after
{Heap after GC invocations=4 (full 0):
 garbage-first heap   total reserved 2072576K, committed 131072K, used 15429K [0x0000000081800000, 0x0000000100000000)
  region size 1024K, 8 young (8192K), 8 survivors (8192K)
 Metaspace       used 21200K, committed 21504K, reserved 1114112K
  class space    used 2564K, committed 2752K, reserved 1048576K
}
Event: 7.157 GC heap before
{Heap before GC invocations=5 (full 0):
 garbage-first heap   total reserved 2072576K, committed 55296K, used 40005K [0x0000000081800000, 0x0000000100000000)
  region size 1024K, 32 young (32768K), 8 survivors (8192K)
 Metaspace       used 24936K, committed 25344K, reserved 1114112K
  class space    used 3124K, committed 3328K, reserved 1048576K
}
Event: 7.185 GC heap after
{Heap after GC invocations=6 (full 0):
 garbage-first heap   total reserved 2072576K, committed 55296K, used 18148K [0x0000000081800000, 0x0000000100000000)
  region size 1024K, 3 young (3072K), 3 survivors (3072K)
 Metaspace       used 24936K, committed 25344K, reserved 1114112K
  class space    used 3124K, committed 3328K, reserved 1048576K
}
Event: 8.325 GC heap before
{Heap before GC invocations=6 (full 0):
 garbage-first heap   total reserved 2072576K, committed 55296K, used 41700K [0x0000000081800000, 0x0000000100000000)
  region size 1024K, 27 young (27648K), 3 survivors (3072K)
 Metaspace       used 30401K, committed 30912K, reserved 1114112K
  class space    used 3938K, committed 4160K, reserved 1048576K
}
Event: 8.339 GC heap after
{Heap after GC invocations=7 (full 0):
 garbage-first heap   total reserved 2072576K, committed 55296K, used 18408K [0x0000000081800000, 0x0000000100000000)
  region size 1024K, 1 young (1024K), 1 survivors (1024K)
 Metaspace       used 30401K, committed 30912K, reserved 1114112K
  class space    used 3938K, committed 4160K, reserved 1048576K
}
Event: 9.029 GC heap before
{Heap before GC invocations=7 (full 0):
 garbage-first heap   total reserved 2072576K, committed 55296K, used 31720K [0x0000000081800000, 0x0000000100000000)
  region size 1024K, 16 young (16384K), 1 survivors (1024K)
 Metaspace       used 35574K, committed 35968K, reserved 1114112K
  class space    used 4550K, committed 4736K, reserved 1048576K
}
Event: 9.036 GC heap after
{Heap after GC invocations=8 (full 0):
 garbage-first heap   total reserved 2072576K, committed 55296K, used 20181K [0x0000000081800000, 0x0000000100000000)
  region size 1024K, 3 young (3072K), 3 survivors (3072K)
 Metaspace       used 35574K, committed 35968K, reserved 1114112K
  class space    used 4550K, committed 4736K, reserved 1048576K
}
Event: 10.725 GC heap before
{Heap before GC invocations=9 (full 0):
 garbage-first heap   total reserved 2072576K, committed 55296K, used 45781K [0x0000000081800000, 0x0000000100000000)
  region size 1024K, 28 young (28672K), 3 survivors (3072K)
 Metaspace       used 42248K, committed 42752K, reserved 1114112K
  class space    used 5461K, committed 5696K, reserved 1048576K
}
Event: 10.736 GC heap after
{Heap after GC invocations=10 (full 0):
 garbage-first heap   total reserved 2072576K, committed 55296K, used 22175K [0x0000000081800000, 0x0000000100000000)
  region size 1024K, 4 young (4096K), 4 survivors (4096K)
 Metaspace       used 42248K, committed 42752K, reserved 1114112K
  class space    used 5461K, committed 5696K, reserved 1048576K
}
Event: 11.869 GC heap before
{Heap before GC invocations=10 (full 0):
 garbage-first heap   total reserved 2072576K, committed 55296K, used 45727K [0x0000000081800000, 0x0000000100000000)
  region size 1024K, 28 young (28672K), 4 survivors (4096K)
 Metaspace       used 48752K, committed 49280K, reserved 1114112K
  class space    used 6450K, committed 6720K, reserved 1048576K
}
Event: 11.882 GC heap after
{Heap after GC invocations=11 (full 0):
 garbage-first heap   total reserved 2072576K, committed 55296K, used 22634K [0x0000000081800000, 0x0000000100000000)
  region size 1024K, 3 young (3072K), 3 survivors (3072K)
 Metaspace       used 48752K, committed 49280K, reserved 1114112K
  class space    used 6450K, committed 6720K, reserved 1048576K
}
Event: 13.043 GC heap before
{Heap before GC invocations=11 (full 0):
 garbage-first heap   total reserved 2072576K, committed 55296K, used 46186K [0x0000000081800000, 0x0000000100000000)
  region size 1024K, 27 young (27648K), 3 survivors (3072K)
 Metaspace       used 53864K, committed 54464K, reserved 1114112K
  class space    used 7219K, committed 7488K, reserved 1048576K
}
Event: 13.054 GC heap after
{Heap after GC invocations=12 (full 0):
 garbage-first heap   total reserved 2072576K, committed 55296K, used 23439K [0x0000000081800000, 0x0000000100000000)
  region size 1024K, 2 young (2048K), 2 survivors (2048K)
 Metaspace       used 53864K, committed 54464K, reserved 1114112K
  class space    used 7219K, committed 7488K, reserved 1048576K
}
Event: 14.218 GC heap before
{Heap before GC invocations=12 (full 0):
 garbage-first heap   total reserved 2072576K, committed 55296K, used 48015K [0x0000000081800000, 0x0000000100000000)
  region size 1024K, 27 young (27648K), 2 survivors (2048K)
 Metaspace       used 58764K, committed 59328K, reserved 1114112K
  class space    used 7848K, committed 8064K, reserved 1048576K
}
Event: 14.232 GC heap after
{Heap after GC invocations=13 (full 0):
 garbage-first heap   total reserved 2072576K, committed 55296K, used 25600K [0x0000000081800000, 0x0000000100000000)
  region size 1024K, 4 young (4096K), 4 survivors (4096K)
 Metaspace       used 58764K, committed 59328K, reserved 1114112K
  class space    used 7848K, committed 8064K, reserved 1048576K
}
Event: 14.400 GC heap before
{Heap before GC invocations=13 (full 0):
 garbage-first heap   total reserved 2072576K, committed 55296K, used 30720K [0x0000000081800000, 0x0000000100000000)
  region size 1024K, 10 young (10240K), 4 survivors (4096K)
 Metaspace       used 60222K, committed 60800K, reserved 1114112K
  class space    used 8004K, committed 8256K, reserved 1048576K
}
Event: 14.412 GC heap after
{Heap after GC invocations=14 (full 0):
 garbage-first heap   total reserved 2072576K, committed 66560K, used 26177K [0x0000000081800000, 0x0000000100000000)
  region size 1024K, 1 young (1024K), 1 survivors (1024K)
 Metaspace       used 60222K, committed 60800K, reserved 1114112K
  class space    used 8004K, committed 8256K, reserved 1048576K
}

